[1022/111451.404:ERROR:directory_reader_win.cc(43)] FindFirstFile: 系统找不到指定的路径。 (0x3)
[1027/091523.601:ERROR:directory_reader_win.cc(43)] FindFirstFile: 系统找不到指定的路径。 (0x3)
[1027/153604.031:ERROR:directory_reader_win.cc(43)] FindFirstFile: 系统找不到指定的路径。 (0x3)
[1029/091822.146:ERROR:directory_reader_win.cc(43)] FindFirstFile: 系统找不到指定的路径。 (0x3)
[1102/094138.923:ERROR:directory_reader_win.cc(43)] FindFirstFile: 系统找不到指定的路径。 (0x3)
[1113/093112.515:ERROR:directory_reader_win.cc(43)] FindFirstFile: 系统找不到指定的路径。 (0x3)
[1113/105456.400:ERROR:filesystem_win.cc(129)] GetFileAttributes C:\Users\89449\AppData\Local\Google\Chrome\User Data\Crashpad\attachments\1e9a6b21-789e-478c-aa62-6a3123f991d1: 系统找不到指定的路径。 (0x3)
[1113/105518.064:ERROR:http_transport_win.cc(276)] WinHttpSendRequest: 操作成功完成。 (0x0)
[1113/120354.146:ERROR:process_reader_win.cc(123)] NtOpenThread: {无法访问} 过程已请求访问一对象，但未给访问权限。 (0xc0000022)
[1113/120354.146:ERROR:process_reader_win.cc(123)] NtOpenThread: {无法访问} 过程已请求访问一对象，但未给访问权限。 (0xc0000022)
[1113/120354.146:ERROR:exception_snapshot_win.cc(99)] thread ID 10912 not found in process
[1113/120354.146:ERROR:exception_snapshot_win.cc(99)] thread ID 17824 not found in process
[1113/120354.146:ERROR:process_reader_win.cc(123)] NtOpenThread: {无法访问} 过程已请求访问一对象，但未给访问权限。 (0xc0000022)
[1113/120354.146:ERROR:exception_snapshot_win.cc(99)] thread ID 23948 not found in process
[1113/142129.503:ERROR:filesystem_win.cc(129)] GetFileAttributes C:\Users\89449\AppData\Local\Google\Chrome\User Data\Crashpad\attachments\d8641550-f374-4b1b-969b-6e0f88247494: 系统找不到指定的路径。 (0x3)
[1113/142151.000:ERROR:http_transport_win.cc(276)] WinHttpSendRequest: 操作成功完成。 (0x0)
[1113/143047.979:ERROR:directory_reader_win.cc(43)] FindFirstFile: 系统找不到指定的路径。 (0x3)
[1116/093251.379:ERROR:filesystem_win.cc(129)] GetFileAttributes C:\Users\89449\AppData\Local\Google\Chrome\User Data\Crashpad\attachments\1629c4d4-d9ff-44fe-b2d3-509c180dfb5c: 系统找不到指定的路径。 (0x3)
[1116/093312.915:ERROR:http_transport_win.cc(276)] WinHttpSendRequest: 操作成功完成。 (0x0)
[1116/093916.644:ERROR:directory_reader_win.cc(43)] FindFirstFile: 系统找不到指定的路径。 (0x3)
[1116/104229.865:ERROR:filesystem_win.cc(129)] GetFileAttributes C:\Users\89449\AppData\Local\Google\Chrome\User Data\Crashpad\attachments\c2038480-8606-4726-b1d8-865713fbcd28: 系统找不到指定的路径。 (0x3)
[1116/104251.240:ERROR:http_transport_win.cc(276)] WinHttpSendRequest: 操作成功完成。 (0x0)
[1117/092931.938:ERROR:directory_reader_win.cc(43)] FindFirstFile: 系统找不到指定的路径。 (0x3)
[1118/104144.280:ERROR:directory_reader_win.cc(43)] FindFirstFile: 系统找不到指定的路径。 (0x3)
[1120/163416.295:ERROR:directory_reader_win.cc(43)] FindFirstFile: 系统找不到指定的路径。 (0x3)
[1127/100759.203:ERROR:directory_reader_win.cc(43)] FindFirstFile: 系统找不到指定的路径。 (0x3)
[1204/100039.373:ERROR:directory_reader_win.cc(43)] FindFirstFile: 系统找不到指定的路径。 (0x3)
[1204/100039.409:ERROR:filesystem_win.cc(129)] GetFileAttributes C:\Users\89449\AppData\Local\Google\Chrome\User Data\Crashpad\attachments\046f8ec7-d06d-4783-aa69-d93148a7a35f: 系统找不到指定的路径。 (0x3)
[1207/092448.005:ERROR:directory_reader_win.cc(43)] FindFirstFile: 系统找不到指定的路径。 (0x3)
[1209/151756.519:ERROR:directory_reader_win.cc(43)] FindFirstFile: 系统找不到指定的路径。 (0x3)
[1210/095434.457:ERROR:directory_reader_win.cc(43)] FindFirstFile: 系统找不到指定的路径。 (0x3)
[1214/092556.407:ERROR:directory_reader_win.cc(43)] FindFirstFile: 系统找不到指定的路径。 (0x3)
[1216/092136.282:ERROR:directory_reader_win.cc(43)] FindFirstFile: 系统找不到指定的路径。 (0x3)
[1216/092136.356:ERROR:filesystem_win.cc(129)] GetFileAttributes C:\Users\89449\AppData\Local\Google\Chrome\User Data\Crashpad\attachments\d9afee69-b101-4200-816a-4c7969d4e9ba: 系统找不到指定的路径。 (0x3)
[1221/092438.311:ERROR:directory_reader_win.cc(43)] FindFirstFile: 系统找不到指定的路径。 (0x3)
[1221/092438.392:ERROR:filesystem_win.cc(129)] GetFileAttributes C:\Users\89449\AppData\Local\Google\Chrome\User Data\Crashpad\attachments\017a2f21-872a-4c3f-9ce8-e666311b37e4: 系统找不到指定的路径。 (0x3)
[1221/092438.404:ERROR:filesystem_win.cc(129)] GetFileAttributes C:\Users\89449\AppData\Local\Google\Chrome\User Data\Crashpad\attachments\b06037ea-e49d-411e-9516-69739d8c9722: 系统找不到指定的路径。 (0x3)
[1222/092322.995:ERROR:directory_reader_win.cc(43)] FindFirstFile: 系统找不到指定的路径。 (0x3)
